<?xml version="1.0" encoding="UTF-8"?>
<!-- Generated by org.testng.reporters.JUnitReportReporter -->
<testsuite skipped="0" hostname="DESKTOP-GK61F68" name="com.pratice.TestNGAnnotationTest" tests="1" failures="0" timestamp="30 Jan 2021 05:33:28 GMT" time="0.017" errors="0">
  <testcase name="createOrgTest" time="0.017" classname="com.pratice.TestNGAnnotationTest"/>
</testsuite> <!-- com.pratice.TestNGAnnotationTest -->
