<?xml version="1.0" encoding="UTF-8"?>
<!-- Generated by org.testng.reporters.JUnitXMLReporter -->
<testsuite hostname="Ty-Deepak-Tr" ignored="4" name="Test-Runner-2" tests="4" failures="0" timestamp="01 Feb 2021 08:13:45 GMT" time="164.406" errors="0">
  <testcase name="createContactTest" time="20.053" classname="com.crm.autodesk.contacttest.CreateContact"/>
  <testcase name="createContactWitORgTest" time="40.636" classname="com.crm.autodesk.contacttest.CreateContact"/>
  <testcase name="createProductTest" time="28.867" classname="com.crm.autodesk.producttest.ProductTest"/>
  <testcase name="createProductWithUnitPRiceTest" time="21.305" classname="com.crm.autodesk.producttest.ProductTest"/>
  <testcase name="@BeforeTest configBT" time="0.0" classname="com.crm.autodesk.genericlib.BaseClass">
    <ignored/>
  </testcase> <!-- @BeforeTest configBT -->
  <testcase name="@AfterSuite configAS" time="0.0" classname="com.crm.autodesk.genericlib.BaseClass">
    <ignored/>
  </testcase> <!-- @AfterSuite configAS -->
  <testcase name="@BeforeSuite configBS" time="0.0" classname="com.crm.autodesk.genericlib.BaseClass">
    <ignored/>
  </testcase> <!-- @BeforeSuite configBS -->
  <testcase name="@AfterTest configAT" time="0.0" classname="com.crm.autodesk.genericlib.BaseClass">
    <ignored/>
  </testcase> <!-- @AfterTest configAT -->
</testsuite> <!-- Test-Runner-2 -->
