<?xml version="1.0" encoding="UTF-8"?>
<!-- Generated by org.testng.reporters.JUnitReportReporter -->
<testsuite skipped="0" hostname="DESKTOP-JPUHBTB" name="Qsp.DemoA" tests="3" failures="0" timestamp="2020-11-26T11:14:23 IST" time="0.020" errors="0">
  <testcase name="editUser" time="0.015" classname="Qsp.DemoA"/>
  <system-out>
user is edited  </system-out>
  <testcase name="registerUser" time="0.002" classname="Qsp.DemoA"/>
  <system-out>
user is registered  </system-out>
  <testcase name="deleteUser" time="0.003" classname="Qsp.DemoA"/>
  <system-out>
user is deleted  </system-out>
</testsuite> <!-- Qsp.DemoA -->
