<?xml version="1.0" encoding="UTF-8"?>
<!-- Generated by org.testng.reporters.JUnitReportReporter -->
<testsuite skipped="0" hostname="DESKTOP-JPUHBTB" name="Qsp.DemoA2" tests="3" failures="0" timestamp="2020-11-26T11:20:06 IST" time="0.024" errors="0">
  <testcase name="registerTask" time="0.016" classname="Qsp.DemoA2"/>
  <system-out>
Task is registered  </system-out>
  <testcase name="deleteTask" time="0.001" classname="Qsp.DemoA2"/>
  <system-out>
Task is deleted  </system-out>
  <testcase name="editTask" time="0.007" classname="Qsp.DemoA2"/>
  <system-out>
Task is edited  </system-out>
</testsuite> <!-- Qsp.DemoA2 -->
