<?xml version="1.0" encoding="UTF-8"?>
<!-- Generated by org.testng.reporters.JUnitReportReporter -->
<testsuite skipped="0" hostname="DESKTOP-JPUHBTB" name="Qsp.demoB$DemoA2" tests="3" failures="0" timestamp="2020-11-26T11:14:23 IST" time="0.008" errors="0">
  <testcase name="registerUser" time="0.002" classname="Qsp.demoB$DemoA2"/>
  <system-out>
user is registered  </system-out>
  <testcase name="deleteUser" time="0.002" classname="Qsp.demoB$DemoA2"/>
  <system-out>
user is deleted  </system-out>
  <testcase name="editUser" time="0.004" classname="Qsp.demoB$DemoA2"/>
  <system-out>
user is edited  </system-out>
</testsuite> <!-- Qsp.demoB$DemoA2 -->
