<?xml version="1.0" encoding="UTF-8"?>
<!-- Generated by org.testng.reporters.JUnitReportReporter -->
<testsuite skipped="0" hostname="DESKTOP-JPUHBTB" name="Qsp.DemA" tests="2" failures="0" timestamp="2020-11-20T12:41:13 IST" time="0.025" errors="0">
  <testcase name="testA" time="0.019" classname="Qsp.DemA"/>
  <system-out>
TestA  </system-out>
  <testcase name="testB" time="0.006" classname="Qsp.DemA"/>
  <system-out>
TestB  </system-out>
</testsuite> <!-- Qsp.DemA -->
