<?xml version="1.0" encoding="UTF-8"?>
<!-- Generated by org.testng.reporters.JUnitReportReporter -->
<testsuite skipped="0" hostname="DESKTOP-JPUHBTB" name="Qsp.demoB" tests="1" failures="0" timestamp="2020-11-20T12:23:57 IST" time="0.003" errors="0">
  <testcase name="testC" time="0.003" classname="Qsp.demoB"/>
  <system-out>
test c  </system-out>
</testsuite> <!-- Qsp.demoB -->
